<?xml version="1.0" encoding="UTF-8"?>
<!-- Generated by org.testng.reporters.JUnitXMLReporter -->
<testsuite ignored="0" hostname="DESKTOP-HDKBCGK" failures="0" tests="9" name="Test Assessment" time="60.88" errors="0" timestamp="2023-09-08T02:47:03 IST">
  <testcase classname="com.toursofheroes.automation.testscripts.HeroesDashboard" name="testHeroesSite" time="14.298"/>
  <testcase classname="com.toursofheroes.automation.testscripts.HeroesDashboard" name="testHeroesDashboard" time="3.627"/>
  <testcase classname="com.toursofheroes.automation.testscripts.HeroesDashboard" name="testSearchHeroFeature" time="3.231"/>
  <testcase classname="com.toursofheroes.automation.testscripts.AddHeroes" name="AddHeroesSite" time="6.43"/>
  <testcase classname="com.toursofheroes.automation.testscripts.AddHeroes" name="testAddHeroesElements" time="3.716"/>
  <testcase classname="com.toursofheroes.automation.testscripts.AddHeroes" name="testAddHeroFeature" time="3.439"/>
  <testcase classname="com.toursofheroes.automation.testscripts.UpdateHeroes" name="UpdateHeroesSite" time="17.811"/>
  <testcase classname="com.toursofheroes.automation.testscripts.UpdateHeroes" name="testUpdateHero" time="4.595"/>
  <testcase classname="com.toursofheroes.automation.testscripts.UpdateHeroes" name="testUpdateHeroFeature" time="0.557"/>
</testsuite> <!-- Test Assessment -->
